<?xml version="1.0" encoding="UTF-8"?>
<!-- Generated by org.testng.reporters.JUnitReportReporter -->
<testsuite skipped="0" hostname="AmirPC" name="com.phpt.base.TestBase" tests="1" failures="0" timestamp="2020-07-05T23:33:43 PKT" time="9.302" errors="0">
  <testcase name="launchBrowser" time="9.302" classname="com.phpt.base.TestBase"/>
</testsuite> <!-- com.phpt.base.TestBase -->
