<?xml version="1.0" encoding="UTF-8"?>
<!-- Generated by org.testng.reporters.JUnitReportReporter -->
<testsuite skipped="0" hostname="AmirPC" name="com.phpt.currency.Aaaaa" tests="1" failures="0" timestamp="2020-07-06T18:12:50 PKT" time="36.641" errors="0">
  <testcase name="launchBrowser" time="36.641" classname="com.phpt.currency.Aaaaa"/>
</testsuite> <!-- com.phpt.currency.Aaaaa -->
